<?xml version="1.0" encoding="UTF-8"?>
<!-- Generated by org.testng.reporters.JUnitXMLReporter -->
<testsuite hostname="VDQADEV01-LT5YB" name="Acceptance test" tests="8" failures="2" timestamp="11 Feb 2015 01:41:05 GMT" time="57.316" errors="0">
  <testcase name="createProgram" time="0.347" classname="test.VerifyIfProgramWasCreated">
    <failure type="org.testng.TestNGException" message="
The data provider is trying to pass 4 parameters but the method test.VerifyIfProgramWasCreated#createProgram takes 3">
      <![CDATA[org.testng.TestNGException: 
The data provider is trying to pass 4 parameters but the method test.VerifyIfProgramWasCreated#createProgram takes 3
... Removed 18 stack frames]]>
    </failure>
  </testcase> <!-- createProgram -->
  <testcase name="createPeriod" time="17.618" classname="test.VerifyIfPeriodWasCreated">
    <failure type="org.openqa.selenium.StaleElementReferenceException" message="Element not found in the cache - perhaps the page has changed since it was looked up
Command duration or timeout: 10.09 seconds
For documentation on this error, please visit: http://seleniumhq.org/exceptions/stale_element_reference.html
Build info: version: &amp;apos;2.44.0&amp;apos;, revision: &amp;apos;76d78cf&amp;apos;, time: &amp;apos;2014-10-23 20:03:00&amp;apos;
System info: host: &amp;apos;VDQADEV01-LT5YB&amp;apos;, ip: &amp;apos;172.20.200.19&amp;apos;, os.name: &amp;apos;Windows Server 2012 R2&amp;apos;, os.arch: &amp;apos;amd64&amp;apos;, os.version: &amp;apos;6.3&amp;apos;, java.version: &amp;apos;1.8.0_25&amp;apos;
Driver info: org.openqa.selenium.firefox.FirefoxDriver
Capabilities [{applicationCacheEnabled=true, rotatable=false, handlesAlerts=true, databaseEnabled=true, version=35.0.1, platform=WINDOWS, nativeEvents=false, acceptSslCerts=true, webStorageEnabled=true, locationContextEnabled=true, browserName=firefox, takesScreenshot=true, javascriptEnabled=true, cssSelectorsEnabled=true}]
Session ID: 5ada1a78-be0d-4fa0-89ea-fa8c688e5f76">
      <![CDATA[org.openqa.selenium.StaleElementReferenceException: Element not found in the cache - perhaps the page has changed since it was looked up
Command duration or timeout: 10.09 seconds
For documentation on this error, please visit: http://seleniumhq.org/exceptions/stale_element_reference.html
Build info: version: '2.44.0', revision: '76d78cf', time: '2014-10-23 20:03:00'
System info: host: 'VDQADEV01-LT5YB', ip: '172.20.200.19', os.name: 'Windows Server 2012 R2', os.arch: 'amd64', os.version: '6.3', java.version: '1.8.0_25'
Driver info: org.openqa.selenium.firefox.FirefoxDriver
Capabilities [{applicationCacheEnabled=true, rotatable=false, handlesAlerts=true, databaseEnabled=true, version=35.0.1, platform=WINDOWS, nativeEvents=false, acceptSslCerts=true, webStorageEnabled=true, locationContextEnabled=true, browserName=firefox, takesScreenshot=true, javascriptEnabled=true, cssSelectorsEnabled=true}]
Session ID: 5ada1a78-be0d-4fa0-89ea-fa8c688e5f76
	at org.openqa.selenium.remote.ErrorHandler.createThrowable(ErrorHandler.java:204)
	at org.openqa.selenium.remote.ErrorHandler.throwIfResponseFailed(ErrorHandler.java:156)
	at org.openqa.selenium.remote.RemoteWebDriver.execute(RemoteWebDriver.java:599)
	at org.openqa.selenium.remote.RemoteWebElement.execute(RemoteWebElement.java:268)
	at org.openqa.selenium.remote.RemoteWebElement.getText(RemoteWebElement.java:152)
	at org.openqa.selenium.support.pagefactory.internal.LocatingElementHandler.invoke(LocatingElementHandler.java:50)
	at com.sun.proxy.$Proxy9.getText(Unknown Source)
	at framework.pages.period.PeriodDetailPage.getPeriodName(PeriodDetailPage.java:94)
	at test.VerifyIfPeriodWasCreated.createPeriod(VerifyIfPeriodWasCreated.java:55)
Caused by: org.openqa.selenium.StaleElementReferenceException: Element not found in the cache - perhaps the page has changed since it was looked up
For documentation on this error, please visit: http://seleniumhq.org/exceptions/stale_element_reference.html
Build info: version: '2.44.0', revision: '76d78cf', time: '2014-10-23 20:03:00'
System info: host: 'VDQADEV01-LT5YB', ip: '172.20.200.19', os.name: 'Windows Server 2012 R2', os.arch: 'amd64', os.version: '6.3', java.version: '1.8.0_25'
Driver info: driver.version: unknown
	at <anonymous class>.fxdriver.cache.getElementAt(resource://fxdriver/modules/web-element-cache.js:8329:1)
	at <anonymous class>.Utils.getElementAt(file:///C:/Users/ASAELC~1/AppData/Local/Temp/anonymous7925507119553395378webdriver-profile/extensions/fxdriver@googlecode.com/components/command-processor.js:7922:10)
	at <anonymous class>.WebElement.getElementText(file:///C:/Users/ASAELC~1/AppData/Local/Temp/anonymous7925507119553395378webdriver-profile/extensions/fxdriver@googlecode.com/components/command-processor.js:11065:11)
	at <anonymous class>.DelayedCommand.prototype.executeInternal_/h(file:///C:/Users/ASAELC~1/AppData/Local/Temp/anonymous7925507119553395378webdriver-profile/extensions/fxdriver@googlecode.com/components/command-processor.js:11635:16)
	at <anonymous class>.fxdriver.Timer.prototype.setTimeout/<.notify(file:///C:/Users/ASAELC~1/AppData/Local/Temp/anonymous7925507119553395378webdriver-profile/extensions/fxdriver@googlecode.com/components/command-processor.js:548:5)
... Removed 32 stack frames]]>
    </failure>
  </testcase> <!-- createPeriod -->
  <testcase name="createPeriod" time="6.654" classname="test.VerifyIfPeriodWasCreated"/>
  <testcase name="createApplicant" time="7.718" classname="test.VerifyIfApplicantWasCreated"/>
  <testcase name="createApplicant" time="6.285" classname="test.VerifyIfApplicantWasCreated"/>
  <testcase name="createNewStage" time="5.69" classname="test.VerifyIfStageWasCreated"/>
  <testcase name="createNewUser" time="5.152" classname="test.VerifyIfUserWasCreated"/>
  <testcase name="createNewUser" time="6.167" classname="test.VerifyIfUserWasCreated"/>
</testsuite> <!-- Acceptance test -->
