<?xml version="1.0" encoding="UTF-8"?>
<!-- Generated by org.testng.reporters.JUnitXMLReporter -->
<testsuite hostname="VDQADEV01-LT5YB" name="Acceptance test" tests="10" failures="0" timestamp="18 Feb 2015 01:30:54 GMT" time="58.868" errors="0">
  <testcase name="createProgram" time="5.017" classname="test.VerifyIfProgramWasCreated"/>
  <testcase name="createProgram" time="4.484" classname="test.VerifyIfProgramWasCreated"/>
  <testcase name="createPeriod" time="7.661" classname="test.VerifyIfPeriodWasCreated"/>
  <testcase name="createPeriod" time="7.53" classname="test.VerifyIfPeriodWasCreated"/>
  <testcase name="createApplicant" time="6.33" classname="test.VerifyIfApplicantWasCreated"/>
  <testcase name="createApplicant" time="6.812" classname="test.VerifyIfApplicantWasCreated"/>
  <testcase name="createNewStage" time="5.306" classname="test.VerifyIfStageWasCreated"/>
  <testcase name="createNewStage" time="4.815" classname="test.VerifyIfStageWasCreated"/>
  <testcase name="createNewUser" time="4.726" classname="test.VerifyIfUserWasCreated"/>
  <testcase name="createNewUser" time="4.245" classname="test.VerifyIfUserWasCreated"/>
</testsuite> <!-- Acceptance test -->
