<?xml version="1.0" encoding="UTF-8"?>
<!-- Generated by org.testng.reporters.JUnitXMLReporter -->
<testsuite hostname="VDQADEV01-LT5YB" name="Suit 1" tests="10" failures="0" timestamp="1 Feb 2015 23:14:45 GMT" time="62.763" errors="0">
  <testcase name="createProgram" time="4.816" classname="test.VerifyIfProgramWasCreated"/>
  <testcase name="createProgram" time="4.315" classname="test.VerifyIfProgramWasCreated"/>
  <testcase name="createPeriod" time="7.627" classname="test.VerifyIfPeriodWasCreated"/>
  <testcase name="createPeriod" time="6.747" classname="test.VerifyIfPeriodWasCreated"/>
  <testcase name="createApplicant" time="9.403" classname="test.VerifyIfApplicantWasCreated"/>
  <testcase name="createApplicant" time="7.121" classname="test.VerifyIfApplicantWasCreated"/>
  <testcase name="createNewStage" time="3.502" classname="test.VerifyIfStageWasCreated"/>
  <testcase name="createNewStage" time="4.554" classname="test.VerifyIfStageWasCreated"/>
  <testcase name="createNewUser" time="7.489" classname="test.VerifyIfUserWasCreated"/>
  <testcase name="createNewUser" time="5.078" classname="test.VerifyIfUserWasCreated"/>
</testsuite> <!-- Suit 1 -->
