<?xml version="1.0" encoding="UTF-8"?>
<testng-results skipped="0" failed="2" total="8" passed="6">
  <reporter-output>
  </reporter-output>
  <suite name="JagdPantherSuit" duration-ms="57316" started-at="2015-02-11T01:40:08Z" finished-at="2015-02-11T01:41:05Z">
    <groups>
    </groups>
    <test name="Acceptance test" duration-ms="57316" started-at="2015-02-11T01:40:08Z" finished-at="2015-02-11T01:41:05Z">
      <class name="test.VerifyIfStageWasCreated">
        <test-method status="PASS" signature="createNewStage(java.lang.String, java.lang.String, java.lang.String)[pri:0, instance:test.VerifyIfStageWasCreated@4b8d604b]" name="createNewStage" duration-ms="5690" started-at="2015-02-10T21:40:48Z" data-provider="StagesDataXlsx" finished-at="2015-02-10T21:40:54Z">
          <params>
            <param index="0">
              <value>
                <![CDATA[stagename2]]>
              </value>
            </param>
            <param index="1">
              <value>
                <![CDATA[stageTitle2]]>
              </value>
            </param>
            <param index="2">
              <value>
                <![CDATA[stageDescription2]]>
              </value>
            </param>
          </params>
          <reporter-output>
          </reporter-output>
        </test-method> <!-- createNewStage -->
        <test-method status="PASS" signature="deleteData()[pri:0, instance:test.VerifyIfStageWasCreated@4b8d604b]" name="deleteData" is-config="true" duration-ms="63" started-at="2015-02-10T21:40:54Z" finished-at="2015-02-10T21:40:54Z">
          <reporter-output>
          </reporter-output>
        </test-method> <!-- deleteData -->
      </class> <!-- test.VerifyIfStageWasCreated -->
      <class name="test.StartTest">
        <test-method status="PASS" signature="init()[pri:0, instance:test.StartTest@480d3575]" name="init" is-config="true" duration-ms="1355" started-at="2015-02-10T21:40:06Z" finished-at="2015-02-10T21:40:08Z">
          <reporter-output>
          </reporter-output>
        </test-method> <!-- init -->
        <test-method status="PASS" signature="quit()[pri:0, instance:test.StartTest@480d3575]" name="quit" is-config="true" duration-ms="215" started-at="2015-02-10T21:41:05Z" finished-at="2015-02-10T21:41:05Z">
          <reporter-output>
          </reporter-output>
        </test-method> <!-- quit -->
      </class> <!-- test.StartTest -->
      <class name="test.VerifyIfPeriodWasCreated">
        <test-method status="PASS" signature="createProgram()[pri:0, instance:test.VerifyIfPeriodWasCreated@5b7a7f33]" name="createProgram" is-config="true" duration-ms="183" started-at="2015-02-10T21:40:09Z" finished-at="2015-02-10T21:40:09Z">
          <reporter-output>
          </reporter-output>
        </test-method> <!-- createProgram -->
        <test-method status="FAIL" signature="createPeriod(java.lang.String, java.lang.String)[pri:0, instance:test.VerifyIfPeriodWasCreated@5b7a7f33]" name="createPeriod" duration-ms="17618" started-at="2015-02-10T21:40:09Z" data-provider="PeriodDataXls" finished-at="2015-02-10T21:40:27Z">
          <params>
            <param index="0">
              <value>
                <![CDATA[NamePeriod1]]>
              </value>
            </param>
            <param index="1">
              <value>
                <![CDATA[1/2/2015]]>
              </value>
            </param>
          </params>
          <exception class="org.openqa.selenium.StaleElementReferenceException">
            <message>
              <![CDATA[Element not found in the cache - perhaps the page has changed since it was looked up
Command duration or timeout: 10.09 seconds
For documentation on this error, please visit: http://seleniumhq.org/exceptions/stale_element_reference.html
Build info: version: '2.44.0', revision: '76d78cf', time: '2014-10-23 20:03:00'
System info: host: 'VDQADEV01-LT5YB', ip: '172.20.200.19', os.name: 'Windows Server 2012 R2', os.arch: 'amd64', os.version: '6.3', java.version: '1.8.0_25'
Driver info: org.openqa.selenium.firefox.FirefoxDriver
Capabilities [{applicationCacheEnabled=true, rotatable=false, handlesAlerts=true, databaseEnabled=true, version=35.0.1, platform=WINDOWS, nativeEvents=false, acceptSslCerts=true, webStorageEnabled=true, locationContextEnabled=true, browserName=firefox, takesScreenshot=true, javascriptEnabled=true, cssSelectorsEnabled=true}]
Session ID: 5ada1a78-be0d-4fa0-89ea-fa8c688e5f76]]>
            </message>
            <full-stacktrace>
              <![CDATA[org.openqa.selenium.StaleElementReferenceException: Element not found in the cache - perhaps the page has changed since it was looked up
Command duration or timeout: 10.09 seconds
For documentation on this error, please visit: http://seleniumhq.org/exceptions/stale_element_reference.html
Build info: version: '2.44.0', revision: '76d78cf', time: '2014-10-23 20:03:00'
System info: host: 'VDQADEV01-LT5YB', ip: '172.20.200.19', os.name: 'Windows Server 2012 R2', os.arch: 'amd64', os.version: '6.3', java.version: '1.8.0_25'
Driver info: org.openqa.selenium.firefox.FirefoxDriver
Capabilities [{applicationCacheEnabled=true, rotatable=false, handlesAlerts=true, databaseEnabled=true, version=35.0.1, platform=WINDOWS, nativeEvents=false, acceptSslCerts=true, webStorageEnabled=true, locationContextEnabled=true, browserName=firefox, takesScreenshot=true, javascriptEnabled=true, cssSelectorsEnabled=true}]
Session ID: 5ada1a78-be0d-4fa0-89ea-fa8c688e5f76
	at sun.reflect.NativeConstructorAccessorImpl.newInstance0(Native Method)
	at sun.reflect.NativeConstructorAccessorImpl.newInstance(Unknown Source)
	at sun.reflect.DelegatingConstructorAccessorImpl.newInstance(Unknown Source)
	at java.lang.reflect.Constructor.newInstance(Unknown Source)
	at org.openqa.selenium.remote.ErrorHandler.createThrowable(ErrorHandler.java:204)
	at org.openqa.selenium.remote.ErrorHandler.throwIfResponseFailed(ErrorHandler.java:156)
	at org.openqa.selenium.remote.RemoteWebDriver.execute(RemoteWebDriver.java:599)
	at org.openqa.selenium.remote.RemoteWebElement.execute(RemoteWebElement.java:268)
	at org.openqa.selenium.remote.RemoteWebElement.getText(RemoteWebElement.java:152)
	at sun.reflect.NativeMethodAccessorImpl.invoke0(Native Method)
	at sun.reflect.NativeMethodAccessorImpl.invoke(Unknown Source)
	at sun.reflect.DelegatingMethodAccessorImpl.invoke(Unknown Source)
	at java.lang.reflect.Method.invoke(Unknown Source)
	at org.openqa.selenium.support.pagefactory.internal.LocatingElementHandler.invoke(LocatingElementHandler.java:50)
	at com.sun.proxy.$Proxy9.getText(Unknown Source)
	at framework.pages.period.PeriodDetailPage.getPeriodName(PeriodDetailPage.java:94)
	at test.VerifyIfPeriodWasCreated.createPeriod(VerifyIfPeriodWasCreated.java:55)
	at sun.reflect.NativeMethodAccessorImpl.invoke0(Native Method)
	at sun.reflect.NativeMethodAccessorImpl.invoke(Unknown Source)
	at sun.reflect.DelegatingMethodAccessorImpl.invoke(Unknown Source)
	at java.lang.reflect.Method.invoke(Unknown Source)
	at org.testng.internal.MethodInvocationHelper.invokeMethod(MethodInvocationHelper.java:84)
	at org.testng.internal.Invoker.invokeMethod(Invoker.java:714)
	at org.testng.internal.Invoker.invokeTestMethod(Invoker.java:901)
	at org.testng.internal.Invoker.invokeTestMethods(Invoker.java:1231)
	at org.testng.internal.TestMethodWorker.invokeTestMethods(TestMethodWorker.java:127)
	at org.testng.internal.TestMethodWorker.run(TestMethodWorker.java:111)
	at org.testng.TestRunner.privateRun(TestRunner.java:767)
	at org.testng.TestRunner.run(TestRunner.java:617)
	at org.testng.SuiteRunner.runTest(SuiteRunner.java:334)
	at org.testng.SuiteRunner.runSequentially(SuiteRunner.java:329)
	at org.testng.SuiteRunner.privateRun(SuiteRunner.java:291)
	at org.testng.SuiteRunner.run(SuiteRunner.java:240)
	at org.testng.SuiteRunnerWorker.runSuite(SuiteRunnerWorker.java:52)
	at org.testng.SuiteRunnerWorker.run(SuiteRunnerWorker.java:86)
	at org.testng.TestNG.runSuitesSequentially(TestNG.java:1224)
	at org.testng.TestNG.runSuitesLocally(TestNG.java:1149)
	at org.testng.TestNG.run(TestNG.java:1057)
	at org.testng.remote.RemoteTestNG.run(RemoteTestNG.java:111)
	at org.testng.remote.RemoteTestNG.initAndRun(RemoteTestNG.java:204)
	at org.testng.remote.RemoteTestNG.main(RemoteTestNG.java:175)
Caused by: org.openqa.selenium.StaleElementReferenceException: Element not found in the cache - perhaps the page has changed since it was looked up
For documentation on this error, please visit: http://seleniumhq.org/exceptions/stale_element_reference.html
Build info: version: '2.44.0', revision: '76d78cf', time: '2014-10-23 20:03:00'
System info: host: 'VDQADEV01-LT5YB', ip: '172.20.200.19', os.name: 'Windows Server 2012 R2', os.arch: 'amd64', os.version: '6.3', java.version: '1.8.0_25'
Driver info: driver.version: unknown
	at <anonymous class>.fxdriver.cache.getElementAt(resource://fxdriver/modules/web-element-cache.js:8329:1)
	at <anonymous class>.Utils.getElementAt(file:///C:/Users/ASAELC~1/AppData/Local/Temp/anonymous7925507119553395378webdriver-profile/extensions/fxdriver@googlecode.com/components/command-processor.js:7922:10)
	at <anonymous class>.WebElement.getElementText(file:///C:/Users/ASAELC~1/AppData/Local/Temp/anonymous7925507119553395378webdriver-profile/extensions/fxdriver@googlecode.com/components/command-processor.js:11065:11)
	at <anonymous class>.DelayedCommand.prototype.executeInternal_/h(file:///C:/Users/ASAELC~1/AppData/Local/Temp/anonymous7925507119553395378webdriver-profile/extensions/fxdriver@googlecode.com/components/command-processor.js:11635:16)
	at <anonymous class>.fxdriver.Timer.prototype.setTimeout/<.notify(file:///C:/Users/ASAELC~1/AppData/Local/Temp/anonymous7925507119553395378webdriver-profile/extensions/fxdriver@googlecode.com/components/command-processor.js:548:5)
]]>
            </full-stacktrace>
          </exception> <!-- org.openqa.selenium.StaleElementReferenceException -->
          <reporter-output>
          </reporter-output>
        </test-method> <!-- createPeriod -->
        <test-method status="PASS" signature="createPeriod(java.lang.String, java.lang.String)[pri:0, instance:test.VerifyIfPeriodWasCreated@5b7a7f33]" name="createPeriod" duration-ms="6654" started-at="2015-02-10T21:40:27Z" data-provider="PeriodDataXls" finished-at="2015-02-10T21:40:34Z">
          <params>
            <param index="0">
              <value>
                <![CDATA[NamePeriod2]]>
              </value>
            </param>
            <param index="1">
              <value>
                <![CDATA[1/3/2015]]>
              </value>
            </param>
          </params>
          <reporter-output>
          </reporter-output>
        </test-method> <!-- createPeriod -->
        <test-method status="PASS" signature="deleteData()[pri:0, instance:test.VerifyIfPeriodWasCreated@5b7a7f33]" name="deleteData" is-config="true" duration-ms="7" started-at="2015-02-10T21:40:34Z" finished-at="2015-02-10T21:40:34Z">
          <reporter-output>
          </reporter-output>
        </test-method> <!-- deleteData -->
      </class> <!-- test.VerifyIfPeriodWasCreated -->
      <class name="test.VerifyIfProgramWasCreated">
        <test-method status="FAIL" signature="createProgram(java.lang.String, java.lang.String, java.lang.String)[pri:0, instance:test.VerifyIfProgramWasCreated@5fb759d6]" name="createProgram" duration-ms="347" started-at="2015-02-10T21:40:08Z" data-provider="ProgramsDataXlsx" finished-at="2015-02-10T21:40:08Z">
          <exception class="org.testng.TestNGException">
            <message>
              <![CDATA[
The data provider is trying to pass 4 parameters but the method test.VerifyIfProgramWasCreated#createProgram takes 3]]>
            </message>
            <full-stacktrace>
              <![CDATA[org.testng.TestNGException: 
The data provider is trying to pass 4 parameters but the method test.VerifyIfProgramWasCreated#createProgram takes 3
	at org.testng.internal.Invoker.injectParameters(Invoker.java:1337)
	at org.testng.internal.Invoker.invokeTestMethods(Invoker.java:1225)
	at org.testng.internal.TestMethodWorker.invokeTestMethods(TestMethodWorker.java:127)
	at org.testng.internal.TestMethodWorker.run(TestMethodWorker.java:111)
	at org.testng.TestRunner.privateRun(TestRunner.java:767)
	at org.testng.TestRunner.run(TestRunner.java:617)
	at org.testng.SuiteRunner.runTest(SuiteRunner.java:334)
	at org.testng.SuiteRunner.runSequentially(SuiteRunner.java:329)
	at org.testng.SuiteRunner.privateRun(SuiteRunner.java:291)
	at org.testng.SuiteRunner.run(SuiteRunner.java:240)
	at org.testng.SuiteRunnerWorker.runSuite(SuiteRunnerWorker.java:52)
	at org.testng.SuiteRunnerWorker.run(SuiteRunnerWorker.java:86)
	at org.testng.TestNG.runSuitesSequentially(TestNG.java:1224)
	at org.testng.TestNG.runSuitesLocally(TestNG.java:1149)
	at org.testng.TestNG.run(TestNG.java:1057)
	at org.testng.remote.RemoteTestNG.run(RemoteTestNG.java:111)
	at org.testng.remote.RemoteTestNG.initAndRun(RemoteTestNG.java:204)
	at org.testng.remote.RemoteTestNG.main(RemoteTestNG.java:175)
]]>
            </full-stacktrace>
          </exception> <!-- org.testng.TestNGException -->
          <reporter-output>
          </reporter-output>
        </test-method> <!-- createProgram -->
        <test-method status="PASS" signature="deleteData()[pri:0, instance:test.VerifyIfProgramWasCreated@5fb759d6]" name="deleteData" is-config="true" duration-ms="25" started-at="2015-02-10T21:40:09Z" finished-at="2015-02-10T21:40:09Z">
          <reporter-output>
          </reporter-output>
        </test-method> <!-- deleteData -->
      </class> <!-- test.VerifyIfProgramWasCreated -->
      <class name="test.VerifyIfApplicantWasCreated">
        <test-method status="PASS" signature="createProgram()[pri:0, instance:test.VerifyIfApplicantWasCreated@5e7cd6cc]" name="createProgram" is-config="true" duration-ms="6" started-at="2015-02-10T21:40:34Z" finished-at="2015-02-10T21:40:34Z">
          <reporter-output>
          </reporter-output>
        </test-method> <!-- createProgram -->
        <test-method status="PASS" signature="createApplicant(java.lang.String, java.lang.String, java.lang.String, java.lang.String, java.lang.String)[pri:0, instance:test.VerifyIfApplicantWasCreated@5e7cd6cc]" name="createApplicant" duration-ms="7718" started-at="2015-02-10T21:40:34Z" data-provider="ApplicantDataXlsx" finished-at="2015-02-10T21:40:41Z">
          <params>
            <param index="0">
              <value>
                <![CDATA[10001]]>
              </value>
            </param>
            <param index="1">
              <value>
                <![CDATA[NameApplicant]]>
              </value>
            </param>
            <param index="2">
              <value>
                <![CDATA[LastNameApplicant]]>
              </value>
            </param>
            <param index="3">
              <value>
                <![CDATA[Name1@LastName.com]]>
              </value>
            </param>
            <param index="4">
              <value>
                <![CDATA[777777771]]>
              </value>
            </param>
          </params>
          <reporter-output>
          </reporter-output>
        </test-method> <!-- createApplicant -->
        <test-method status="PASS" signature="createApplicant(java.lang.String, java.lang.String, java.lang.String, java.lang.String, java.lang.String)[pri:0, instance:test.VerifyIfApplicantWasCreated@5e7cd6cc]" name="createApplicant" duration-ms="6285" started-at="2015-02-10T21:40:41Z" data-provider="ApplicantDataXlsx" finished-at="2015-02-10T21:40:48Z">
          <params>
            <param index="0">
              <value>
                <![CDATA[10002]]>
              </value>
            </param>
            <param index="1">
              <value>
                <![CDATA[NameApplicante]]>
              </value>
            </param>
            <param index="2">
              <value>
                <![CDATA[LastNameApplicant]]>
              </value>
            </param>
            <param index="3">
              <value>
                <![CDATA[Name1@LastName2.com]]>
              </value>
            </param>
            <param index="4">
              <value>
                <![CDATA[777777772]]>
              </value>
            </param>
          </params>
          <reporter-output>
          </reporter-output>
        </test-method> <!-- createApplicant -->
        <test-method status="PASS" signature="deleteData()[pri:0, instance:test.VerifyIfApplicantWasCreated@5e7cd6cc]" name="deleteData" is-config="true" duration-ms="105" started-at="2015-02-10T21:40:48Z" finished-at="2015-02-10T21:40:48Z">
          <reporter-output>
          </reporter-output>
        </test-method> <!-- deleteData -->
      </class> <!-- test.VerifyIfApplicantWasCreated -->
      <class name="test.VerifyIfUserWasCreated">
        <test-method status="PASS" signature="createNewUser(java.lang.String, java.lang.String, java.lang.String, java.lang.String)[pri:0, instance:test.VerifyIfUserWasCreated@57bc27f5]" name="createNewUser" duration-ms="5152" started-at="2015-02-10T21:40:54Z" data-provider="UsersDataXlsx" finished-at="2015-02-10T21:40:59Z">
          <params>
            <param index="0">
              <value>
                <![CDATA[1234]]>
              </value>
            </param>
            <param index="1">
              <value>
                <![CDATA[userName1]]>
              </value>
            </param>
            <param index="2">
              <value>
                <![CDATA[userLastName1]]>
              </value>
            </param>
            <param index="3">
              <value>
                <![CDATA[user@lastName1.com]]>
              </value>
            </param>
          </params>
          <reporter-output>
          </reporter-output>
        </test-method> <!-- createNewUser -->
        <test-method status="PASS" signature="createNewUser(java.lang.String, java.lang.String, java.lang.String, java.lang.String)[pri:0, instance:test.VerifyIfUserWasCreated@57bc27f5]" name="createNewUser" duration-ms="6167" started-at="2015-02-10T21:40:59Z" data-provider="UsersDataXlsx" finished-at="2015-02-10T21:41:05Z">
          <params>
            <param index="0">
              <value>
                <![CDATA[1235]]>
              </value>
            </param>
            <param index="1">
              <value>
                <![CDATA[userName2]]>
              </value>
            </param>
            <param index="2">
              <value>
                <![CDATA[userLastName2]]>
              </value>
            </param>
            <param index="3">
              <value>
                <![CDATA[user@lastName2.com]]>
              </value>
            </param>
          </params>
          <reporter-output>
          </reporter-output>
        </test-method> <!-- createNewUser -->
        <test-method status="PASS" signature="deleteData()[pri:0, instance:test.VerifyIfUserWasCreated@57bc27f5]" name="deleteData" is-config="true" duration-ms="17" started-at="2015-02-10T21:41:05Z" finished-at="2015-02-10T21:41:05Z">
          <reporter-output>
          </reporter-output>
        </test-method> <!-- deleteData -->
      </class> <!-- test.VerifyIfUserWasCreated -->
    </test> <!-- Acceptance test -->
  </suite> <!-- JagdPantherSuit -->
</testng-results>
