<?xml version="1.0" encoding="UTF-8"?>
<testng-results skipped="0" failed="0" total="10" passed="10">
  <reporter-output>
  </reporter-output>
  <suite name="JagdPantherSuit" duration-ms="58868" started-at="2015-02-18T01:29:55Z" finished-at="2015-02-18T01:30:54Z">
    <groups>
    </groups>
    <test name="Acceptance test" duration-ms="58868" started-at="2015-02-18T01:29:55Z" finished-at="2015-02-18T01:30:54Z">
      <class name="test.VerifyIfStageWasCreated">
        <test-method status="PASS" signature="createNewStage(java.lang.String, java.lang.String, java.lang.String)[pri:0, instance:test.VerifyIfStageWasCreated@c05fddc]" name="createNewStage" duration-ms="5306" started-at="2015-02-17T21:30:34Z" data-provider="StagesDataXls" finished-at="2015-02-17T21:30:40Z">
          <params>
            <param index="0">
              <value>
                <![CDATA[stagename1]]>
              </value>
            </param>
            <param index="1">
              <value>
                <![CDATA[stageTitle1]]>
              </value>
            </param>
            <param index="2">
              <value>
                <![CDATA[stageDescription1]]>
              </value>
            </param>
          </params>
          <reporter-output>
          </reporter-output>
        </test-method> <!-- createNewStage -->
        <test-method status="PASS" signature="createNewStage(java.lang.String, java.lang.String, java.lang.String)[pri:0, instance:test.VerifyIfStageWasCreated@c05fddc]" name="createNewStage" duration-ms="4815" started-at="2015-02-17T21:30:40Z" data-provider="StagesDataXls" finished-at="2015-02-17T21:30:44Z">
          <params>
            <param index="0">
              <value>
                <![CDATA[stagename2]]>
              </value>
            </param>
            <param index="1">
              <value>
                <![CDATA[stageTitle2]]>
              </value>
            </param>
            <param index="2">
              <value>
                <![CDATA[stageDescription2]]>
              </value>
            </param>
          </params>
          <reporter-output>
          </reporter-output>
        </test-method> <!-- createNewStage -->
        <test-method status="PASS" signature="deleteData()[pri:0, instance:test.VerifyIfStageWasCreated@c05fddc]" name="deleteData" is-config="true" duration-ms="35" started-at="2015-02-17T21:30:44Z" finished-at="2015-02-17T21:30:45Z">
          <reporter-output>
          </reporter-output>
        </test-method> <!-- deleteData -->
      </class> <!-- test.VerifyIfStageWasCreated -->
      <class name="test.StartTest">
        <test-method status="PASS" signature="init()[pri:0, instance:test.StartTest@30f842ca]" name="init" is-config="true" duration-ms="2166" started-at="2015-02-17T21:29:53Z" finished-at="2015-02-17T21:29:55Z">
          <reporter-output>
          </reporter-output>
        </test-method> <!-- init -->
        <test-method status="PASS" signature="quit()[pri:0, instance:test.StartTest@30f842ca]" name="quit" is-config="true" duration-ms="268" started-at="2015-02-17T21:30:54Z" finished-at="2015-02-17T21:30:54Z">
          <reporter-output>
          </reporter-output>
        </test-method> <!-- quit -->
      </class> <!-- test.StartTest -->
      <class name="test.VerifyIfPeriodWasCreated">
        <test-method status="PASS" signature="createProgram()[pri:0, instance:test.VerifyIfPeriodWasCreated@4d15107f]" name="createProgram" is-config="true" duration-ms="211" started-at="2015-02-17T21:30:05Z" finished-at="2015-02-17T21:30:05Z">
          <reporter-output>
          </reporter-output>
        </test-method> <!-- createProgram -->
        <test-method status="PASS" signature="createPeriod(java.lang.String, java.lang.String)[pri:0, instance:test.VerifyIfPeriodWasCreated@4d15107f]" name="createPeriod" duration-ms="7661" started-at="2015-02-17T21:30:05Z" data-provider="PeriodDataXls" finished-at="2015-02-17T21:30:13Z">
          <params>
            <param index="0">
              <value>
                <![CDATA[NamePeriod1]]>
              </value>
            </param>
            <param index="1">
              <value>
                <![CDATA[1/2/2015]]>
              </value>
            </param>
          </params>
          <reporter-output>
          </reporter-output>
        </test-method> <!-- createPeriod -->
        <test-method status="PASS" signature="createPeriod(java.lang.String, java.lang.String)[pri:0, instance:test.VerifyIfPeriodWasCreated@4d15107f]" name="createPeriod" duration-ms="7530" started-at="2015-02-17T21:30:13Z" data-provider="PeriodDataXls" finished-at="2015-02-17T21:30:21Z">
          <params>
            <param index="0">
              <value>
                <![CDATA[NamePeriod2]]>
              </value>
            </param>
            <param index="1">
              <value>
                <![CDATA[1/3/2015]]>
              </value>
            </param>
          </params>
          <reporter-output>
          </reporter-output>
        </test-method> <!-- createPeriod -->
        <test-method status="PASS" signature="deleteData()[pri:0, instance:test.VerifyIfPeriodWasCreated@4d15107f]" name="deleteData" is-config="true" duration-ms="119" started-at="2015-02-17T21:30:21Z" finished-at="2015-02-17T21:30:21Z">
          <reporter-output>
          </reporter-output>
        </test-method> <!-- deleteData -->
      </class> <!-- test.VerifyIfPeriodWasCreated -->
      <class name="test.VerifyIfProgramWasCreated">
        <test-method status="PASS" signature="createProgram(java.lang.String, java.lang.String, java.lang.String)[pri:0, instance:test.VerifyIfProgramWasCreated@7b4c50bc]" name="createProgram" duration-ms="5017" started-at="2015-02-17T21:29:55Z" data-provider="ProgramsDataXls" finished-at="2015-02-17T21:30:00Z">
          <params>
            <param index="0">
              <value>
                <![CDATA[NameProgram1]]>
              </value>
            </param>
            <param index="1">
              <value>
                <![CDATA[TitleProgram1]]>
              </value>
            </param>
            <param index="2">
              <value>
                <![CDATA[DescriptionProgram1]]>
              </value>
            </param>
          </params>
          <reporter-output>
          </reporter-output>
        </test-method> <!-- createProgram -->
        <test-method status="PASS" signature="createProgram(java.lang.String, java.lang.String, java.lang.String)[pri:0, instance:test.VerifyIfProgramWasCreated@7b4c50bc]" name="createProgram" duration-ms="4484" started-at="2015-02-17T21:30:00Z" data-provider="ProgramsDataXls" finished-at="2015-02-17T21:30:05Z">
          <params>
            <param index="0">
              <value>
                <![CDATA[NameProgram2]]>
              </value>
            </param>
            <param index="1">
              <value>
                <![CDATA[TitleProgram2]]>
              </value>
            </param>
            <param index="2">
              <value>
                <![CDATA[DescriptionProgram2]]>
              </value>
            </param>
          </params>
          <reporter-output>
          </reporter-output>
        </test-method> <!-- createProgram -->
        <test-method status="PASS" signature="deleteData()[pri:0, instance:test.VerifyIfProgramWasCreated@7b4c50bc]" name="deleteData" is-config="true" duration-ms="76" started-at="2015-02-17T21:30:05Z" finished-at="2015-02-17T21:30:05Z">
          <reporter-output>
          </reporter-output>
        </test-method> <!-- deleteData -->
      </class> <!-- test.VerifyIfProgramWasCreated -->
      <class name="test.VerifyIfApplicantWasCreated">
        <test-method status="PASS" signature="createProgram()[pri:0, instance:test.VerifyIfApplicantWasCreated@7e990ed7]" name="createProgram" is-config="true" duration-ms="292" started-at="2015-02-17T21:30:21Z" finished-at="2015-02-17T21:30:21Z">
          <reporter-output>
          </reporter-output>
        </test-method> <!-- createProgram -->
        <test-method status="PASS" signature="createApplicant(java.lang.String, java.lang.String, java.lang.String, java.lang.String, java.lang.String)[pri:0, instance:test.VerifyIfApplicantWasCreated@7e990ed7]" name="createApplicant" duration-ms="6330" started-at="2015-02-17T21:30:21Z" data-provider="ApplicantDataXls" finished-at="2015-02-17T21:30:27Z">
          <params>
            <param index="0">
              <value>
                <![CDATA[10001]]>
              </value>
            </param>
            <param index="1">
              <value>
                <![CDATA[NameApplicant]]>
              </value>
            </param>
            <param index="2">
              <value>
                <![CDATA[LastNameApplicant]]>
              </value>
            </param>
            <param index="3">
              <value>
                <![CDATA[Name1@LastName.com]]>
              </value>
            </param>
            <param index="4">
              <value>
                <![CDATA[777777771]]>
              </value>
            </param>
          </params>
          <reporter-output>
          </reporter-output>
        </test-method> <!-- createApplicant -->
        <test-method status="PASS" signature="createApplicant(java.lang.String, java.lang.String, java.lang.String, java.lang.String, java.lang.String)[pri:0, instance:test.VerifyIfApplicantWasCreated@7e990ed7]" name="createApplicant" duration-ms="6812" started-at="2015-02-17T21:30:27Z" data-provider="ApplicantDataXls" finished-at="2015-02-17T21:30:34Z">
          <params>
            <param index="0">
              <value>
                <![CDATA[10002]]>
              </value>
            </param>
            <param index="1">
              <value>
                <![CDATA[NameApplicante]]>
              </value>
            </param>
            <param index="2">
              <value>
                <![CDATA[LastNameApplicant]]>
              </value>
            </param>
            <param index="3">
              <value>
                <![CDATA[Name1@LastName2.com]]>
              </value>
            </param>
            <param index="4">
              <value>
                <![CDATA[777777772]]>
              </value>
            </param>
          </params>
          <reporter-output>
          </reporter-output>
        </test-method> <!-- createApplicant -->
        <test-method status="PASS" signature="deleteData()[pri:0, instance:test.VerifyIfApplicantWasCreated@7e990ed7]" name="deleteData" is-config="true" duration-ms="71" started-at="2015-02-17T21:30:34Z" finished-at="2015-02-17T21:30:34Z">
          <reporter-output>
          </reporter-output>
        </test-method> <!-- deleteData -->
      </class> <!-- test.VerifyIfApplicantWasCreated -->
      <class name="test.VerifyIfUserWasCreated">
        <test-method status="PASS" signature="createNewUser(java.lang.String, java.lang.String, java.lang.String, java.lang.String)[pri:0, instance:test.VerifyIfUserWasCreated@5fb759d6]" name="createNewUser" duration-ms="4726" started-at="2015-02-17T21:30:45Z" data-provider="UsersDataXls" finished-at="2015-02-17T21:30:49Z">
          <params>
            <param index="0">
              <value>
                <![CDATA[1234]]>
              </value>
            </param>
            <param index="1">
              <value>
                <![CDATA[userName1]]>
              </value>
            </param>
            <param index="2">
              <value>
                <![CDATA[userLastName1]]>
              </value>
            </param>
            <param index="3">
              <value>
                <![CDATA[user@lastName1.com]]>
              </value>
            </param>
          </params>
          <reporter-output>
          </reporter-output>
        </test-method> <!-- createNewUser -->
        <test-method status="PASS" signature="createNewUser(java.lang.String, java.lang.String, java.lang.String, java.lang.String)[pri:0, instance:test.VerifyIfUserWasCreated@5fb759d6]" name="createNewUser" duration-ms="4245" started-at="2015-02-17T21:30:49Z" data-provider="UsersDataXls" finished-at="2015-02-17T21:30:53Z">
          <params>
            <param index="0">
              <value>
                <![CDATA[1235]]>
              </value>
            </param>
            <param index="1">
              <value>
                <![CDATA[userName2]]>
              </value>
            </param>
            <param index="2">
              <value>
                <![CDATA[userLastName2]]>
              </value>
            </param>
            <param index="3">
              <value>
                <![CDATA[user@lastName2.com]]>
              </value>
            </param>
          </params>
          <reporter-output>
          </reporter-output>
        </test-method> <!-- createNewUser -->
        <test-method status="PASS" signature="deleteData()[pri:0, instance:test.VerifyIfUserWasCreated@5fb759d6]" name="deleteData" is-config="true" duration-ms="71" started-at="2015-02-17T21:30:53Z" finished-at="2015-02-17T21:30:54Z">
          <reporter-output>
          </reporter-output>
        </test-method> <!-- deleteData -->
      </class> <!-- test.VerifyIfUserWasCreated -->
    </test> <!-- Acceptance test -->
  </suite> <!-- JagdPantherSuit -->
</testng-results>
